android/app/build/intermediates/manifest_merge_blame_file/debug/manifest-merger-blame-debug-report.txt
1<?xml version="1.0" encoding="utf-8"?>
2<manifest xmlns:android="http://schemas.android.com/apk/res/android"
3    package="com.anonymous.vpn"
4    android:versionCode="1"
5    android:versionName="1.0.0" >
6
7    <uses-sdk
8        android:minSdkVersion="21"
9        android:targetSdkVersion="33" />
10
11    <uses-permission android:name="android.permission.SYSTEM_ALERT_WINDOW" />
11-->src\main\AndroidManifest.xml:4:3-75
11-->src\main\AndroidManifest.xml:4:20-73
12    <uses-permission android:name="android.permission.INTERNET" />
12-->src\main\AndroidManifest.xml:2:3-64
12-->src\main\AndroidManifest.xml:2:20-62
13    <uses-permission android:name="android.permission.READ_EXTERNAL_STORAGE" />
13-->src\main\AndroidManifest.xml:3:3-77
13-->src\main\AndroidManifest.xml:3:20-75
14    <uses-permission android:name="android.permission.VIBRATE" />
14-->src\main\AndroidManifest.xml:5:3-63
14-->src\main\AndroidManifest.xml:5:20-61
15    <uses-permission android:name="android.permission.WRITE_EXTERNAL_STORAGE" />
15-->src\main\AndroidManifest.xml:6:3-78
15-->src\main\AndroidManifest.xml:6:20-76
16
17    <queries>
17-->src\main\AndroidManifest.xml:7:3-13:13
18        <intent>
18-->src\main\AndroidManifest.xml:8:5-12:14
19            <action android:name="android.intent.action.VIEW" />
19-->src\main\AndroidManifest.xml:9:7-58
19-->src\main\AndroidManifest.xml:9:15-56
20
21            <category android:name="android.intent.category.BROWSABLE" />
21-->src\main\AndroidManifest.xml:10:7-67
21-->src\main\AndroidManifest.xml:10:17-65
22
23            <data android:scheme="https" />
23-->src\main\AndroidManifest.xml:11:7-37
23-->src\main\AndroidManifest.xml:11:13-35
24        </intent>
25        <!-- Query open documents -->
26        <intent>
26-->[:expo-file-system] AndroidManifest.xml:15:9-17:18
27            <action android:name="android.intent.action.OPEN_DOCUMENT_TREE" />
27-->[:expo-file-system] AndroidManifest.xml:16:13-79
27-->[:expo-file-system] AndroidManifest.xml:16:21-76
28        </intent>
29    </queries>
30
31    <uses-permission android:name="android.permission.ACCESS_WIFI_STATE" />
31-->[com.facebook.flipper:flipper:0.182.0] AndroidManifest.xml:16:5-76
31-->[com.facebook.flipper:flipper:0.182.0] AndroidManifest.xml:16:22-73
32    <uses-permission android:name="com.google.android.finsky.permission.BIND_GET_INSTALL_REFERRER_SERVICE" />
32-->[com.android.installreferrer:installreferrer:1.0] AndroidManifest.xml:9:5-110
32-->[com.android.installreferrer:installreferrer:1.0] AndroidManifest.xml:9:22-107
33
34    <application
34-->src\main\AndroidManifest.xml:14:3-32:17
35        android:name="com.anonymous.vpn.MainApplication"
35-->src\main\AndroidManifest.xml:14:16-47
36        android:allowBackup="true"
36-->src\main\AndroidManifest.xml:14:162-188
37        android:appComponentFactory="androidx.core.app.CoreComponentFactory"
37-->[androidx.core:core:1.8.0] AndroidManifest.xml:24:18-86
38        android:debuggable="true"
39        android:icon="@mipmap/ic_launcher"
39-->src\main\AndroidManifest.xml:14:81-115
40        android:label="@string/app_name"
40-->src\main\AndroidManifest.xml:14:48-80
41        android:roundIcon="@mipmap/ic_launcher_round"
41-->src\main\AndroidManifest.xml:14:116-161
42        android:testOnly="true"
43        android:theme="@style/AppTheme"
43-->src\main\AndroidManifest.xml:14:189-220
44        android:usesCleartextTraffic="true" >
44-->src\debug\AndroidManifest.xml:6:18-53
45        <meta-data
45-->src\main\AndroidManifest.xml:15:5-83
46            android:name="expo.modules.updates.ENABLED"
46-->src\main\AndroidManifest.xml:15:16-59
47            android:value="false" />
47-->src\main\AndroidManifest.xml:15:60-81
48        <meta-data
48-->src\main\AndroidManifest.xml:16:5-93
49            android:name="expo.modules.updates.EXPO_SDK_VERSION"
49-->src\main\AndroidManifest.xml:16:16-68
50            android:value="49.0.0" />
50-->src\main\AndroidManifest.xml:16:69-91
51        <meta-data
51-->src\main\AndroidManifest.xml:17:5-105
52            android:name="expo.modules.updates.EXPO_UPDATES_CHECK_ON_LAUNCH"
52-->src\main\AndroidManifest.xml:17:16-80
53            android:value="ALWAYS" />
53-->src\main\AndroidManifest.xml:17:81-103
54        <meta-data
54-->src\main\AndroidManifest.xml:18:5-99
55            android:name="expo.modules.updates.EXPO_UPDATES_LAUNCH_WAIT_MS"
55-->src\main\AndroidManifest.xml:18:16-79
56            android:value="0" />
56-->src\main\AndroidManifest.xml:18:80-97
57
58        <activity
58-->src\main\AndroidManifest.xml:19:5-30:16
59            android:name="com.anonymous.vpn.MainActivity"
59-->src\main\AndroidManifest.xml:19:15-43
60            android:configChanges="keyboard|keyboardHidden|orientation|screenSize|uiMode"
60-->src\main\AndroidManifest.xml:19:77-154
61            android:exported="true"
61-->src\main\AndroidManifest.xml:19:276-299
62            android:label="@string/app_name"
62-->src\main\AndroidManifest.xml:19:44-76
63            android:launchMode="singleTask"
63-->src\main\AndroidManifest.xml:19:155-186
64            android:screenOrientation="portrait"
64-->src\main\AndroidManifest.xml:19:300-336
65            android:theme="@style/Theme.App.SplashScreen"
65-->src\main\AndroidManifest.xml:19:230-275
66            android:windowSoftInputMode="adjustResize" >
66-->src\main\AndroidManifest.xml:19:187-229
67            <intent-filter>
67-->src\main\AndroidManifest.xml:20:7-23:23
68                <action android:name="android.intent.action.MAIN" />
68-->src\main\AndroidManifest.xml:21:9-60
68-->src\main\AndroidManifest.xml:21:17-58
69
70                <category android:name="android.intent.category.LAUNCHER" />
70-->src\main\AndroidManifest.xml:22:9-68
70-->src\main\AndroidManifest.xml:22:19-66
71            </intent-filter>
72            <intent-filter>
72-->src\main\AndroidManifest.xml:24:7-29:23
73                <action android:name="android.intent.action.VIEW" />
73-->src\main\AndroidManifest.xml:9:7-58
73-->src\main\AndroidManifest.xml:9:15-56
74
75                <category android:name="android.intent.category.DEFAULT" />
75-->src\main\AndroidManifest.xml:26:9-67
75-->src\main\AndroidManifest.xml:26:19-65
76                <category android:name="android.intent.category.BROWSABLE" />
76-->src\main\AndroidManifest.xml:10:7-67
76-->src\main\AndroidManifest.xml:10:17-65
77
78                <data android:scheme="com.anonymous.vpn" />
78-->src\main\AndroidManifest.xml:11:7-37
78-->src\main\AndroidManifest.xml:11:13-35
79            </intent-filter>
80        </activity>
81        <activity
81-->src\main\AndroidManifest.xml:31:5-106
82            android:name="com.facebook.react.devsupport.DevSettingsActivity"
82-->src\main\AndroidManifest.xml:31:15-79
83            android:exported="false" />
83-->src\main\AndroidManifest.xml:31:80-104
84
85        <provider
85-->[:expo-file-system] AndroidManifest.xml:21:9-30:20
86            android:name="expo.modules.filesystem.FileSystemFileProvider"
86-->[:expo-file-system] AndroidManifest.xml:22:13-74
87            android:authorities="com.anonymous.vpn.FileSystemFileProvider"
87-->[:expo-file-system] AndroidManifest.xml:23:13-74
88            android:exported="false"
88-->[:expo-file-system] AndroidManifest.xml:24:13-37
89            android:grantUriPermissions="true" >
89-->[:expo-file-system] AndroidManifest.xml:25:13-47
90            <meta-data
90-->[:expo-file-system] AndroidManifest.xml:27:13-29:70
91                android:name="android.support.FILE_PROVIDER_PATHS"
91-->[:expo-file-system] AndroidManifest.xml:28:17-67
92                android:resource="@xml/file_system_provider_paths" />
92-->[:expo-file-system] AndroidManifest.xml:29:17-67
93        </provider>
94
95        <meta-data
95-->[:expo-modules-core] AndroidManifest.xml:9:9-11:89
96            android:name="org.unimodules.core.AppLoader#react-native-headless"
96-->[:expo-modules-core] AndroidManifest.xml:10:13-79
97            android:value="expo.modules.adapters.react.apploader.RNHeadlessAppLoader" />
97-->[:expo-modules-core] AndroidManifest.xml:11:13-86
98        <meta-data
98-->[:expo-modules-core] AndroidManifest.xml:12:9-15:45
99            android:name="com.facebook.soloader.enabled"
99-->[:expo-modules-core] AndroidManifest.xml:13:13-57
100            android:value="true" />
100-->[:expo-modules-core] AndroidManifest.xml:14:13-33
101
102        <service
102-->[com.wireguard.android:tunnel:1.0.20230427] AndroidManifest.xml:12:9-19:19
103            android:name="com.wireguard.android.backend.GoBackend$VpnService"
103-->[com.wireguard.android:tunnel:1.0.20230427] AndroidManifest.xml:13:13-78
104            android:exported="false"
104-->[com.wireguard.android:tunnel:1.0.20230427] AndroidManifest.xml:14:13-37
105            android:permission="android.permission.BIND_VPN_SERVICE" >
105-->[com.wireguard.android:tunnel:1.0.20230427] AndroidManifest.xml:15:13-69
106            <intent-filter>
106-->[com.wireguard.android:tunnel:1.0.20230427] AndroidManifest.xml:16:13-18:29
107                <action android:name="android.net.VpnService" />
107-->[com.wireguard.android:tunnel:1.0.20230427] AndroidManifest.xml:17:17-65
107-->[com.wireguard.android:tunnel:1.0.20230427] AndroidManifest.xml:17:25-62
108            </intent-filter>
109        </service>
110
111        <provider
111-->[androidx.emoji2:emoji2:1.0.0] AndroidManifest.xml:26:9-34:20
112            android:name="androidx.startup.InitializationProvider"
112-->[androidx.emoji2:emoji2:1.0.0] AndroidManifest.xml:27:13-67
113            android:authorities="com.anonymous.vpn.androidx-startup"
113-->[androidx.emoji2:emoji2:1.0.0] AndroidManifest.xml:28:13-68
114            android:exported="false" >
114-->[androidx.emoji2:emoji2:1.0.0] AndroidManifest.xml:29:13-37
115            <meta-data
115-->[androidx.emoji2:emoji2:1.0.0] AndroidManifest.xml:31:13-33:52
116                android:name="androidx.emoji2.text.EmojiCompatInitializer"
116-->[androidx.emoji2:emoji2:1.0.0] AndroidManifest.xml:32:17-75
117                android:value="androidx.startup" />
117-->[androidx.emoji2:emoji2:1.0.0] AndroidManifest.xml:33:17-49
118            <meta-data
118-->[androidx.lifecycle:lifecycle-process:2.6.1] AndroidManifest.xml:29:13-31:52
119                android:name="androidx.lifecycle.ProcessLifecycleInitializer"
119-->[androidx.lifecycle:lifecycle-process:2.6.1] AndroidManifest.xml:30:17-78
120                android:value="androidx.startup" />
120-->[androidx.lifecycle:lifecycle-process:2.6.1] AndroidManifest.xml:31:17-49
121            <meta-data
121-->[androidx.profileinstaller:profileinstaller:1.3.0] AndroidManifest.xml:29:13-31:52
122                android:name="androidx.profileinstaller.ProfileInstallerInitializer"
122-->[androidx.profileinstaller:profileinstaller:1.3.0] AndroidManifest.xml:30:17-85
123                android:value="androidx.startup" />
123-->[androidx.profileinstaller:profileinstaller:1.3.0] AndroidManifest.xml:31:17-49
124        </provider>
125
126        <receiver
126-->[androidx.profileinstaller:profileinstaller:1.3.0] AndroidManifest.xml:34:9-52:20
127            android:name="androidx.profileinstaller.ProfileInstallReceiver"
127-->[androidx.profileinstaller:profileinstaller:1.3.0] AndroidManifest.xml:35:13-76
128            android:directBootAware="false"
128-->[androidx.profileinstaller:profileinstaller:1.3.0] AndroidManifest.xml:36:13-44
129            android:enabled="true"
129-->[androidx.profileinstaller:profileinstaller:1.3.0] AndroidManifest.xml:37:13-35
130            android:exported="true"
130-->[androidx.profileinstaller:profileinstaller:1.3.0] AndroidManifest.xml:38:13-36
131            android:permission="android.permission.DUMP" >
131-->[androidx.profileinstaller:profileinstaller:1.3.0] AndroidManifest.xml:39:13-57
132            <intent-filter>
132-->[androidx.profileinstaller:profileinstaller:1.3.0] AndroidManifest.xml:40:13-42:29
133                <action android:name="androidx.profileinstaller.action.INSTALL_PROFILE" />
133-->[androidx.profileinstaller:profileinstaller:1.3.0] AndroidManifest.xml:41:17-91
133-->[androidx.profileinstaller:profileinstaller:1.3.0] AndroidManifest.xml:41:25-88
134            </intent-filter>
135            <intent-filter>
135-->[androidx.profileinstaller:profileinstaller:1.3.0] AndroidManifest.xml:43:13-45:29
136                <action android:name="androidx.profileinstaller.action.SKIP_FILE" />
136-->[androidx.profileinstaller:profileinstaller:1.3.0] AndroidManifest.xml:44:17-85
136-->[androidx.profileinstaller:profileinstaller:1.3.0] AndroidManifest.xml:44:25-82
137            </intent-filter>
138            <intent-filter>
138-->[androidx.profileinstaller:profileinstaller:1.3.0] AndroidManifest.xml:46:13-48:29
139                <action android:name="androidx.profileinstaller.action.SAVE_PROFILE" />
139-->[androidx.profileinstaller:profileinstaller:1.3.0] AndroidManifest.xml:47:17-88
139-->[androidx.profileinstaller:profileinstaller:1.3.0] AndroidManifest.xml:47:25-85
140            </intent-filter>
141            <intent-filter>
141-->[androidx.profileinstaller:profileinstaller:1.3.0] AndroidManifest.xml:49:13-51:29
142                <action android:name="androidx.profileinstaller.action.BENCHMARK_OPERATION" />
142-->[androidx.profileinstaller:profileinstaller:1.3.0] AndroidManifest.xml:50:17-95
142-->[androidx.profileinstaller:profileinstaller:1.3.0] AndroidManifest.xml:50:25-92
143            </intent-filter>
144        </receiver>
145    </application>
146
147</manifest>